<?xml version="1.0" encoding="UTF-8"?>
<testsuite xmlns:xsi="http://www.w3.org/2001/XMLSchema-instance" xsi:noNamespaceSchemaLocation="https://maven.apache.org/surefire/maven-failsafe-plugin/xsd/failsafe-test-report-3.0.xsd" version="3.0" name="september.game.MainIntegrationTest" time="1.067" tests="1" errors="0" skipped="0" failures="0">
  <properties>
    <property name="java.specification.version" value="21"/>
    <property name="sun.jnu.encoding" value="ANSI_X3.4-1968"/>
    <property name="java.class.path" value="/workspace/target/test-classes:/workspace/target/september-1.0-SNAPSHOT.jar:/root/.m2/repository/org/projectlombok/lombok/1.18.38/lombok-1.18.38.jar:/root/.m2/repository/org/joml/joml/1.10.5/joml-1.10.5.jar:/root/.m2/repository/org/lwjgl/lwjgl/3.3.3/lwjgl-3.3.3.jar:/root/.m2/repository/org/lwjgl/lwjgl-glfw/3.3.3/lwjgl-glfw-3.3.3.jar:/root/.m2/repository/org/lwjgl/lwjgl-opengl/3.3.3/lwjgl-opengl-3.3.3.jar:/root/.m2/repository/org/lwjgl/lwjgl-stb/3.3.3/lwjgl-stb-3.3.3.jar:/root/.m2/repository/org/slf4j/slf4j-api/2.0.13/slf4j-api-2.0.13.jar:/root/.m2/repository/ch/qos/logback/logback-classic/1.5.18/logback-classic-1.5.18.jar:/root/.m2/repository/ch/qos/logback/logback-core/1.5.18/logback-core-1.5.18.jar:/root/.m2/repository/org/junit/jupiter/junit-jupiter/5.10.2/junit-jupiter-5.10.2.jar:/root/.m2/repository/org/junit/jupiter/junit-jupiter-api/5.10.2/junit-jupiter-api-5.10.2.jar:/root/.m2/repository/org/opentest4j/opentest4j/1.3.0/opentest4j-1.3.0.jar:/root/.m2/repository/org/junit/platform/junit-platform-commons/1.10.2/junit-platform-commons-1.10.2.jar:/root/.m2/repository/org/apiguardian/apiguardian-api/1.1.2/apiguardian-api-1.1.2.jar:/root/.m2/repository/org/junit/jupiter/junit-jupiter-params/5.10.2/junit-jupiter-params-5.10.2.jar:/root/.m2/repository/org/junit/jupiter/junit-jupiter-engine/5.10.2/junit-jupiter-engine-5.10.2.jar:/root/.m2/repository/org/junit/platform/junit-platform-engine/1.10.2/junit-platform-engine-1.10.2.jar:/root/.m2/repository/org/mockito/mockito-core/5.19.0/mockito-core-5.19.0.jar:/root/.m2/repository/net/bytebuddy/byte-buddy/1.17.6/byte-buddy-1.17.6.jar:/root/.m2/repository/net/bytebuddy/byte-buddy-agent/1.17.6/byte-buddy-agent-1.17.6.jar:/root/.m2/repository/org/objenesis/objenesis/3.3/objenesis-3.3.jar:/root/.m2/repository/org/mockito/mockito-junit-jupiter/5.19.0/mockito-junit-jupiter-5.19.0.jar:/root/.m2/repository/org/assertj/assertj-core/3.25.3/assertj-core-3.25.3.jar:/root/.m2/repository/com/tngtech/archunit/archunit-junit5-engine/1.2.1/archunit-junit5-engine-1.2.1.jar:/root/.m2/repository/com/tngtech/archunit/archunit/1.2.1/archunit-1.2.1.jar:/root/.m2/repository/com/tngtech/archunit/archunit-junit5-api/1.2.1/archunit-junit5-api-1.2.1.jar:/root/.m2/repository/com/tngtech/archunit/archunit-junit5-engine-api/1.2.1/archunit-junit5-engine-api-1.2.1.jar:/root/.m2/repository/org/lwjgl/lwjgl/3.3.3/lwjgl-3.3.3-natives-linux.jar:/root/.m2/repository/org/lwjgl/lwjgl-glfw/3.3.3/lwjgl-glfw-3.3.3-natives-linux.jar:/root/.m2/repository/org/lwjgl/lwjgl-opengl/3.3.3/lwjgl-opengl-3.3.3-natives-linux.jar:/root/.m2/repository/org/lwjgl/lwjgl-stb/3.3.3/lwjgl-stb-3.3.3-natives-linux.jar:"/>
    <property name="java.vm.vendor" value="Ubuntu"/>
    <property name="sun.arch.data.model" value="64"/>
    <property name="java.vendor.url" value="https://ubuntu.com/"/>
    <property name="os.name" value="Linux"/>
    <property name="java.vm.specification.version" value="21"/>
    <property name="sun.java.launcher" value="SUN_STANDARD"/>
    <property name="user.country" value="US"/>
    <property name="sun.boot.library.path" value="/usr/lib/jvm/java-21-openjdk-amd64/lib"/>
    <property name="sun.java.command" value="/workspace/target/surefire/surefirebooter-20250912231728237_3.jar /workspace/target/surefire 2025-09-12T23-17-28_191-jvmRun1 surefire-20250912231728237_1tmp surefire_0-20250912231728237_2tmp"/>
    <property name="jdk.debug" value="release"/>
    <property name="test" value="september.Glsl460FeatureTest"/>
    <property name="surefire.test.class.path" value="/workspace/target/test-classes:/workspace/target/september-1.0-SNAPSHOT.jar:/root/.m2/repository/org/projectlombok/lombok/1.18.38/lombok-1.18.38.jar:/root/.m2/repository/org/joml/joml/1.10.5/joml-1.10.5.jar:/root/.m2/repository/org/lwjgl/lwjgl/3.3.3/lwjgl-3.3.3.jar:/root/.m2/repository/org/lwjgl/lwjgl-glfw/3.3.3/lwjgl-glfw-3.3.3.jar:/root/.m2/repository/org/lwjgl/lwjgl-opengl/3.3.3/lwjgl-opengl-3.3.3.jar:/root/.m2/repository/org/lwjgl/lwjgl-stb/3.3.3/lwjgl-stb-3.3.3.jar:/root/.m2/repository/org/slf4j/slf4j-api/2.0.13/slf4j-api-2.0.13.jar:/root/.m2/repository/ch/qos/logback/logback-classic/1.5.18/logback-classic-1.5.18.jar:/root/.m2/repository/ch/qos/logback/logback-core/1.5.18/logback-core-1.5.18.jar:/root/.m2/repository/org/junit/jupiter/junit-jupiter/5.10.2/junit-jupiter-5.10.2.jar:/root/.m2/repository/org/junit/jupiter/junit-jupiter-api/5.10.2/junit-jupiter-api-5.10.2.jar:/root/.m2/repository/org/opentest4j/opentest4j/1.3.0/opentest4j-1.3.0.jar:/root/.m2/repository/org/junit/platform/junit-platform-commons/1.10.2/junit-platform-commons-1.10.2.jar:/root/.m2/repository/org/apiguardian/apiguardian-api/1.1.2/apiguardian-api-1.1.2.jar:/root/.m2/repository/org/junit/jupiter/junit-jupiter-params/5.10.2/junit-jupiter-params-5.10.2.jar:/root/.m2/repository/org/junit/jupiter/junit-jupiter-engine/5.10.2/junit-jupiter-engine-5.10.2.jar:/root/.m2/repository/org/junit/platform/junit-platform-engine/1.10.2/junit-platform-engine-1.10.2.jar:/root/.m2/repository/org/mockito/mockito-core/5.19.0/mockito-core-5.19.0.jar:/root/.m2/repository/net/bytebuddy/byte-buddy/1.17.6/byte-buddy-1.17.6.jar:/root/.m2/repository/net/bytebuddy/byte-buddy-agent/1.17.6/byte-buddy-agent-1.17.6.jar:/root/.m2/repository/org/objenesis/objenesis/3.3/objenesis-3.3.jar:/root/.m2/repository/org/mockito/mockito-junit-jupiter/5.19.0/mockito-junit-jupiter-5.19.0.jar:/root/.m2/repository/org/assertj/assertj-core/3.25.3/assertj-core-3.25.3.jar:/root/.m2/repository/com/tngtech/archunit/archunit-junit5-engine/1.2.1/archunit-junit5-engine-1.2.1.jar:/root/.m2/repository/com/tngtech/archunit/archunit/1.2.1/archunit-1.2.1.jar:/root/.m2/repository/com/tngtech/archunit/archunit-junit5-api/1.2.1/archunit-junit5-api-1.2.1.jar:/root/.m2/repository/com/tngtech/archunit/archunit-junit5-engine-api/1.2.1/archunit-junit5-engine-api-1.2.1.jar:/root/.m2/repository/org/lwjgl/lwjgl/3.3.3/lwjgl-3.3.3-natives-linux.jar:/root/.m2/repository/org/lwjgl/lwjgl-glfw/3.3.3/lwjgl-glfw-3.3.3-natives-linux.jar:/root/.m2/repository/org/lwjgl/lwjgl-opengl/3.3.3/lwjgl-opengl-3.3.3-natives-linux.jar:/root/.m2/repository/org/lwjgl/lwjgl-stb/3.3.3/lwjgl-stb-3.3.3-natives-linux.jar:"/>
    <property name="sun.cpu.endian" value="little"/>
    <property name="user.home" value="/root"/>
    <property name="user.language" value="en"/>
    <property name="java.specification.vendor" value="Oracle Corporation"/>
    <property name="java.version.date" value="2025-07-15"/>
    <property name="java.home" value="/usr/lib/jvm/java-21-openjdk-amd64"/>
    <property name="file.separator" value="/"/>
    <property name="basedir" value="/workspace"/>
    <property name="java.vm.compressedOopsMode" value="Zero based"/>
    <property name="line.separator" value="&#10;"/>
    <property name="java.specification.name" value="Java Platform API Specification"/>
    <property name="java.vm.specification.vendor" value="Oracle Corporation"/>
    <property name="surefire.real.class.path" value="/workspace/target/surefire/surefirebooter-20250912231728237_3.jar"/>
    <property name="sun.management.compiler" value="HotSpot 64-Bit Tiered Compilers"/>
    <property name="java.runtime.version" value="21.0.8+9-Ubuntu-0ubuntu124.04.1"/>
    <property name="user.name" value="root"/>
    <property name="stdout.encoding" value="ANSI_X3.4-1968"/>
    <property name="path.separator" value=":"/>
    <property name="os.version" value="6.11.0-1018-azure"/>
    <property name="java.runtime.name" value="OpenJDK Runtime Environment"/>
    <property name="org.lwjgl.librarypath" value="/tmp/lwjgl_root/3.3.3+5/x64"/>
    <property name="file.encoding" value="UTF-8"/>
    <property name="java.vm.name" value="OpenJDK 64-Bit Server VM"/>
    <property name="localRepository" value="/root/.m2/repository"/>
    <property name="java.vendor.url.bug" value="https://bugs.launchpad.net/ubuntu/+source/openjdk-21"/>
    <property name="java.io.tmpdir" value="/tmp"/>
    <property name="java.version" value="21.0.8"/>
    <property name="user.dir" value="/workspace"/>
    <property name="os.arch" value="amd64"/>
    <property name="java.vm.specification.name" value="Java Virtual Machine Specification"/>
    <property name="native.encoding" value="ANSI_X3.4-1968"/>
    <property name="java.library.path" value="/usr/java/packages/lib:/usr/lib/x86_64-linux-gnu/jni:/lib/x86_64-linux-gnu:/usr/lib/x86_64-linux-gnu:/usr/lib/jni:/lib:/usr/lib"/>
    <property name="java.vm.info" value="mixed mode"/>
    <property name="stderr.encoding" value="ANSI_X3.4-1968"/>
    <property name="java.vendor" value="Ubuntu"/>
    <property name="java.vm.version" value="21.0.8+9-Ubuntu-0ubuntu124.04.1"/>
    <property name="sun.io.unicode.encoding" value="UnicodeLittle"/>
    <property name="java.class.version" value="65.0"/>
  </properties>
  <testcase name="main_runs_without_mocking_when_glfw_is_available" classname="september.game.MainIntegrationTest" time="1.033"/>
</testsuite>